2024-02-23 10:36:14,368 (INFO) - playground.views - Calling httpbin
2024-02-23 10:36:17,071 (INFO) - playground.views - Received the response
2024-02-23 10:36:40,071 (INFO) - django.utils.autoreload - /home/ocean/storefront/playground/views.py changed, reloading.
2024-02-23 10:36:40,589 (INFO) - django.utils.autoreload - Watching for file changes with StatReloader
2024-02-23 10:36:40,734 (WARNING) - silk.profiling.profiler - Cannot execute silk_profile as silk is not installed correctly.
2024-02-23 10:36:43,180 (INFO) - playground.views - Calling httpbin
2024-02-23 10:36:53,861 (INFO) - playground.views - Received the response
2024-02-23 10:37:04,505 (INFO) - django.utils.autoreload - /home/ocean/storefront/playground/views.py changed, reloading.
2024-02-23 10:37:04,980 (INFO) - django.utils.autoreload - Watching for file changes with StatReloader
2024-02-23 10:37:05,121 (WARNING) - silk.profiling.profiler - Cannot execute silk_profile as silk is not installed correctly.
2024-02-23 10:59:13,321 (INFO) - django.utils.autoreload - /home/ocean/storefront/manage.py changed, reloading.
2024-02-23 11:00:09,653 (INFO) - django.utils.autoreload - Watching for file changes with StatReloader
2024-02-23 11:01:14,153 (INFO) - django.utils.autoreload - /home/ocean/storefront/store/signals/handlers.py changed, reloading.
2024-02-23 11:01:14,580 (INFO) - django.utils.autoreload - Watching for file changes with StatReloader
2024-02-23 11:01:21,834 (INFO) - django.utils.autoreload - /home/ocean/storefront/store/signals/handlers.py changed, reloading.
2024-02-23 11:01:22,218 (INFO) - django.utils.autoreload - Watching for file changes with StatReloader
2024-02-23 11:01:25,446 (INFO) - django.utils.autoreload - /home/ocean/storefront/store/signals/handlers.py changed, reloading.
2024-02-23 11:01:25,871 (INFO) - django.utils.autoreload - Watching for file changes with StatReloader
2024-02-23 11:01:37,160 (INFO) - django.utils.autoreload - /home/ocean/storefront/store/signals/handlers.py changed, reloading.
2024-02-23 11:01:37,582 (INFO) - django.utils.autoreload - Watching for file changes with StatReloader
2024-02-23 11:01:47,851 (INFO) - django.utils.autoreload - /home/ocean/storefront/store/signals/handlers.py changed, reloading.
2024-02-23 11:01:48,277 (INFO) - django.utils.autoreload - Watching for file changes with StatReloader
2024-02-23 11:01:56,550 (INFO) - django.utils.autoreload - /home/ocean/storefront/store/signals/handlers.py changed, reloading.
2024-02-23 11:01:57,006 (INFO) - django.utils.autoreload - Watching for file changes with StatReloader
2024-02-23 11:02:15,343 (INFO) - django.utils.autoreload - /home/ocean/storefront/store/signals/handlers.py changed, reloading.
2024-02-23 11:02:15,752 (INFO) - django.utils.autoreload - Watching for file changes with StatReloader
2024-02-23 11:02:15,877 (WARNING) - silk.profiling.profiler - Cannot execute silk_profile as silk is not installed correctly.
2024-02-23 11:02:29,047 (WARNING) - django.request - Unauthorized: /store/collections/
2024-02-23 11:02:29,101 (WARNING) - django.request - Forbidden: /store/collections/
2024-02-23 11:02:29,120 (WARNING) - django.request - Bad Request: /store/collections/
2024-02-23 11:02:29,152 (WARNING) - django.request - Not Found: /store/collections/345/
2024-02-23 11:02:29,160 (WARNING) - django.request - Unauthorized: /store/products/
2024-02-23 11:02:29,173 (WARNING) - django.request - Forbidden: /store/products/
2024-02-23 11:02:29,193 (WARNING) - django.request - Bad Request: /store/collections/
2024-02-23 11:06:51,905 (INFO) - django.utils.autoreload - /home/ocean/storefront/storefront/settings/common.py changed, reloading.
2024-02-23 11:06:52,385 (INFO) - django.utils.autoreload - Watching for file changes with StatReloader
2024-02-23 11:06:52,548 (WARNING) - silk.profiling.profiler - Cannot execute silk_profile as silk is not installed correctly.
2024-02-23 11:07:04,892 (WARNING) - django.request - Unauthorized: /store/collections/
2024-02-23 11:07:04,922 (WARNING) - django.request - Forbidden: /store/collections/
2024-02-23 11:07:04,979 (WARNING) - django.request - Bad Request: /store/collections/
2024-02-23 11:07:05,062 (WARNING) - django.request - Not Found: /store/collections/235/
2024-02-23 11:07:05,086 (WARNING) - django.request - Unauthorized: /store/products/
2024-02-23 11:07:05,117 (WARNING) - django.request - Forbidden: /store/products/
2024-02-23 11:07:05,177 (WARNING) - django.request - Bad Request: /store/collections/
2024-02-23 11:12:03,258 (WARNING) - silk.profiling.profiler - Cannot execute silk_profile as silk is not installed correctly.
2024-02-23 11:57:14,048 (WARNING) - silk.profiling.profiler - Cannot execute silk_profile as silk is not installed correctly.
2024-02-23 13:09:42,023 (WARNING) - silk.profiling.profiler - Cannot execute silk_profile as silk is not installed correctly.
2024-02-23 14:03:10,987 (INFO) - django.utils.autoreload - Watching for file changes with StatReloader
2024-02-23 14:05:31,069 (WARNING) - silk.profiling.profiler - Cannot execute silk_profile as silk is not installed correctly.
2024-02-23 14:15:34,288 (WARNING) - silk.profiling.profiler - Cannot execute silk_profile as silk is not installed correctly.
2024-02-23 14:15:43,752 (WARNING) - silk.profiling.profiler - Cannot execute silk_profile as silk is not installed correctly.
2024-02-23 14:26:54,536 (WARNING) - silk.profiling.profiler - Cannot execute silk_profile as silk is not installed correctly.
2024-02-23 14:27:04,861 (WARNING) - silk.profiling.profiler - Cannot execute silk_profile as silk is not installed correctly.
2024-02-23 14:27:18,010 (WARNING) - silk.profiling.profiler - Cannot execute silk_profile as silk is not installed correctly.
2024-02-23 14:27:27,192 (WARNING) - silk.profiling.profiler - Cannot execute silk_profile as silk is not installed correctly.
2024-02-23 14:38:17,922 (WARNING) - django.request - Unauthorized: /store/carts/
2024-02-23 14:38:30,831 (WARNING) - django.request - Unauthorized: /auth/users/
2024-02-23 14:38:33,194 (WARNING) - django.request - Method Not Allowed: /auth/jwt/create/
2024-02-23 14:38:34,233 (WARNING) - django.request - Method Not Allowed: /auth/jwt/create/
2024-02-23 14:39:06,917 (WARNING) - django.request - Method Not Allowed: /store/carts/
2024-02-23 14:39:34,234 (WARNING) - silk.profiling.profiler - Cannot execute silk_profile as silk is not installed correctly.
2024-02-23 14:39:37,443 (WARNING) - silk.profiling.profiler - Cannot execute silk_profile as silk is not installed correctly.
2024-02-23 14:39:44,460 (WARNING) - django.request - Method Not Allowed: /store/carts/
2024-02-23 14:40:18,529 (WARNING) - silk.profiling.profiler - Cannot execute silk_profile as silk is not installed correctly.
2024-02-23 14:40:18,736 (WARNING) - django.request - Method Not Allowed: /store/carts/
2024-02-23 14:40:20,479 (ERROR) - django.request - Internal Server Error: /store/carts/
Traceback (most recent call last):
  File "/home/ocean/.local/share/virtualenvs/storefront-f0Czj6NA/lib/python3.10/site-packages/django/db/backends/utils.py", line 105, in _execute
    return self.cursor.execute(sql, params)
  File "/home/ocean/.local/share/virtualenvs/storefront-f0Czj6NA/lib/python3.10/site-packages/django/db/backends/mysql/base.py", line 76, in execute
    return self.cursor.execute(query, args)
  File "/home/ocean/.local/share/virtualenvs/storefront-f0Czj6NA/lib/python3.10/site-packages/MySQLdb/cursors.py", line 179, in execute
    res = self._query(mogrified_query)
  File "/home/ocean/.local/share/virtualenvs/storefront-f0Czj6NA/lib/python3.10/site-packages/MySQLdb/cursors.py", line 330, in _query
    db.query(q)
  File "/home/ocean/.local/share/virtualenvs/storefront-f0Czj6NA/lib/python3.10/site-packages/MySQLdb/connections.py", line 261, in query
    _mysql.connection.query(self, query)
MySQLdb.IntegrityError: (1364, "Field 'id' doesn't have a default value")

The above exception was the direct cause of the following exception:

Traceback (most recent call last):
  File "/home/ocean/.local/share/virtualenvs/storefront-f0Czj6NA/lib/python3.10/site-packages/django/core/handlers/exception.py", line 55, in inner
    response = get_response(request)
  File "/home/ocean/.local/share/virtualenvs/storefront-f0Czj6NA/lib/python3.10/site-packages/django/core/handlers/base.py", line 197, in _get_response
    response = wrapped_callback(request, *callback_args, **callback_kwargs)
  File "/home/ocean/.local/share/virtualenvs/storefront-f0Czj6NA/lib/python3.10/site-packages/django/views/decorators/csrf.py", line 65, in _view_wrapper
    return view_func(request, *args, **kwargs)
  File "/home/ocean/.local/share/virtualenvs/storefront-f0Czj6NA/lib/python3.10/site-packages/rest_framework/viewsets.py", line 125, in view
    return self.dispatch(request, *args, **kwargs)
  File "/home/ocean/.local/share/virtualenvs/storefront-f0Czj6NA/lib/python3.10/site-packages/rest_framework/views.py", line 509, in dispatch
    response = self.handle_exception(exc)
  File "/home/ocean/.local/share/virtualenvs/storefront-f0Czj6NA/lib/python3.10/site-packages/rest_framework/views.py", line 469, in handle_exception
    self.raise_uncaught_exception(exc)
  File "/home/ocean/.local/share/virtualenvs/storefront-f0Czj6NA/lib/python3.10/site-packages/rest_framework/views.py", line 480, in raise_uncaught_exception
    raise exc
  File "/home/ocean/.local/share/virtualenvs/storefront-f0Czj6NA/lib/python3.10/site-packages/rest_framework/views.py", line 506, in dispatch
    response = handler(request, *args, **kwargs)
  File "/home/ocean/.local/share/virtualenvs/storefront-f0Czj6NA/lib/python3.10/site-packages/rest_framework/mixins.py", line 19, in create
    self.perform_create(serializer)
  File "/home/ocean/.local/share/virtualenvs/storefront-f0Czj6NA/lib/python3.10/site-packages/rest_framework/mixins.py", line 24, in perform_create
    serializer.save()
  File "/home/ocean/.local/share/virtualenvs/storefront-f0Czj6NA/lib/python3.10/site-packages/rest_framework/serializers.py", line 212, in save
    self.instance = self.create(validated_data)
  File "/home/ocean/.local/share/virtualenvs/storefront-f0Czj6NA/lib/python3.10/site-packages/rest_framework/serializers.py", line 962, in create
    instance = ModelClass._default_manager.create(**validated_data)
  File "/home/ocean/.local/share/virtualenvs/storefront-f0Czj6NA/lib/python3.10/site-packages/django/db/models/manager.py", line 87, in manager_method
    return getattr(self.get_queryset(), name)(*args, **kwargs)
  File "/home/ocean/.local/share/virtualenvs/storefront-f0Czj6NA/lib/python3.10/site-packages/django/db/models/query.py", line 679, in create
    obj.save(force_insert=True, using=self.db)
  File "/home/ocean/.local/share/virtualenvs/storefront-f0Czj6NA/lib/python3.10/site-packages/django/db/models/base.py", line 822, in save
    self.save_base(
  File "/home/ocean/.local/share/virtualenvs/storefront-f0Czj6NA/lib/python3.10/site-packages/django/db/models/base.py", line 909, in save_base
    updated = self._save_table(
  File "/home/ocean/.local/share/virtualenvs/storefront-f0Czj6NA/lib/python3.10/site-packages/django/db/models/base.py", line 1067, in _save_table
    results = self._do_insert(
  File "/home/ocean/.local/share/virtualenvs/storefront-f0Czj6NA/lib/python3.10/site-packages/django/db/models/base.py", line 1108, in _do_insert
    return manager._insert(
  File "/home/ocean/.local/share/virtualenvs/storefront-f0Czj6NA/lib/python3.10/site-packages/django/db/models/manager.py", line 87, in manager_method
    return getattr(self.get_queryset(), name)(*args, **kwargs)
  File "/home/ocean/.local/share/virtualenvs/storefront-f0Czj6NA/lib/python3.10/site-packages/django/db/models/query.py", line 1847, in _insert
    return query.get_compiler(using=using).execute_sql(returning_fields)
  File "/home/ocean/.local/share/virtualenvs/storefront-f0Czj6NA/lib/python3.10/site-packages/django/db/models/sql/compiler.py", line 1823, in execute_sql
    cursor.execute(sql, params)
  File "/home/ocean/.local/share/virtualenvs/storefront-f0Czj6NA/lib/python3.10/site-packages/debug_toolbar/panels/sql/tracking.py", line 235, in execute
    return self._record(super().execute, sql, params)
  File "/home/ocean/.local/share/virtualenvs/storefront-f0Czj6NA/lib/python3.10/site-packages/debug_toolbar/panels/sql/tracking.py", line 160, in _record
    return method(sql, params)
  File "/home/ocean/.local/share/virtualenvs/storefront-f0Czj6NA/lib/python3.10/site-packages/django/db/backends/utils.py", line 122, in execute
    return super().execute(sql, params)
  File "/home/ocean/.local/share/virtualenvs/storefront-f0Czj6NA/lib/python3.10/site-packages/django/db/backends/utils.py", line 79, in execute
    return self._execute_with_wrappers(
  File "/home/ocean/.local/share/virtualenvs/storefront-f0Czj6NA/lib/python3.10/site-packages/django/db/backends/utils.py", line 92, in _execute_with_wrappers
    return executor(sql, params, many, context)
  File "/home/ocean/.local/share/virtualenvs/storefront-f0Czj6NA/lib/python3.10/site-packages/django/db/backends/utils.py", line 100, in _execute
    with self.db.wrap_database_errors:
  File "/home/ocean/.local/share/virtualenvs/storefront-f0Czj6NA/lib/python3.10/site-packages/django/db/utils.py", line 91, in __exit__
    raise dj_exc_value.with_traceback(traceback) from exc_value
  File "/home/ocean/.local/share/virtualenvs/storefront-f0Czj6NA/lib/python3.10/site-packages/django/db/backends/utils.py", line 105, in _execute
    return self.cursor.execute(sql, params)
  File "/home/ocean/.local/share/virtualenvs/storefront-f0Czj6NA/lib/python3.10/site-packages/django/db/backends/mysql/base.py", line 76, in execute
    return self.cursor.execute(query, args)
  File "/home/ocean/.local/share/virtualenvs/storefront-f0Czj6NA/lib/python3.10/site-packages/MySQLdb/cursors.py", line 179, in execute
    res = self._query(mogrified_query)
  File "/home/ocean/.local/share/virtualenvs/storefront-f0Czj6NA/lib/python3.10/site-packages/MySQLdb/cursors.py", line 330, in _query
    db.query(q)
  File "/home/ocean/.local/share/virtualenvs/storefront-f0Czj6NA/lib/python3.10/site-packages/MySQLdb/connections.py", line 261, in query
    _mysql.connection.query(self, query)
django.db.utils.IntegrityError: (1364, "Field 'id' doesn't have a default value")
2024-02-23 14:43:42,263 (WARNING) - silk.profiling.profiler - Cannot execute silk_profile as silk is not installed correctly.
2024-02-23 14:43:46,025 (WARNING) - silk.profiling.profiler - Cannot execute silk_profile as silk is not installed correctly.
2024-02-23 14:44:05,846 (WARNING) - silk.profiling.profiler - Cannot execute silk_profile as silk is not installed correctly.
2024-02-23 14:44:08,362 (WARNING) - silk.profiling.profiler - Cannot execute silk_profile as silk is not installed correctly.
2024-02-23 14:44:11,321 (WARNING) - silk.profiling.profiler - Cannot execute silk_profile as silk is not installed correctly.
2024-02-23 14:45:32,359 (WARNING) - silk.profiling.profiler - Cannot execute silk_profile as silk is not installed correctly.
2024-02-23 14:45:50,849 (WARNING) - silk.profiling.profiler - Cannot execute silk_profile as silk is not installed correctly.
2024-02-23 14:47:03,312 (WARNING) - silk.profiling.profiler - Cannot execute silk_profile as silk is not installed correctly.
2024-02-23 14:48:33,584 (WARNING) - silk.profiling.profiler - Cannot execute silk_profile as silk is not installed correctly.
2024-02-23 14:48:40,001 (WARNING) - silk.profiling.profiler - Cannot execute silk_profile as silk is not installed correctly.
2024-02-23 14:48:55,195 (WARNING) - silk.profiling.profiler - Cannot execute silk_profile as silk is not installed correctly.
2024-02-23 14:48:55,292 (WARNING) - django.request - Unauthorized: /store/carts/
2024-02-23 14:48:58,755 (WARNING) - django.request - Unauthorized: /store/carts/
2024-02-23 14:49:04,133 (WARNING) - django.request - Method Not Allowed: /store/carts/
2024-02-23 15:03:34,698 (WARNING) - silk.profiling.profiler - Cannot execute silk_profile as silk is not installed correctly.
2024-02-23 15:03:55,841 (WARNING) - silk.profiling.profiler - Cannot execute silk_profile as silk is not installed correctly.
2024-02-23 15:06:01,997 (WARNING) - django.request - Unauthorized: /store/carts/
2024-02-23 15:06:21,734 (WARNING) - django.request - Method Not Allowed: /store/carts/
2024-02-23 15:08:10,228 (WARNING) - silk.profiling.profiler - Cannot execute silk_profile as silk is not installed correctly.
2024-02-23 15:08:46,199 (WARNING) - silk.profiling.profiler - Cannot execute silk_profile as silk is not installed correctly.
2024-02-23 15:09:59,032 (WARNING) - silk.profiling.profiler - Cannot execute silk_profile as silk is not installed correctly.
2024-02-23 15:11:16,558 (WARNING) - silk.profiling.profiler - Cannot execute silk_profile as silk is not installed correctly.
2024-02-23 15:11:24,260 (WARNING) - silk.profiling.profiler - Cannot execute silk_profile as silk is not installed correctly.
2024-02-23 15:48:55,354 (WARNING) - silk.profiling.profiler - Cannot execute silk_profile as silk is not installed correctly.
2024-02-23 15:48:55,656 (WARNING) - django.request - Not Found: /favicon.ico
2024-02-23 15:56:50,664 (WARNING) - silk.profiling.profiler - Cannot execute silk_profile as silk is not installed correctly.
2024-02-23 15:57:01,097 (WARNING) - silk.profiling.profiler - Cannot execute silk_profile as silk is not installed correctly.
2024-02-26 11:31:18,773 (INFO) - django.utils.autoreload - Watching for file changes with StatReloader
2024-02-26 11:31:19,011 (WARNING) - silk.profiling.profiler - Cannot execute silk_profile as silk is not installed correctly.
2024-02-26 11:32:12,063 (INFO) - django.utils.autoreload - /home/ocean/storefront/storefront/settings/common.py changed, reloading.
2024-02-26 11:32:12,548 (INFO) - django.utils.autoreload - Watching for file changes with StatReloader
2024-02-26 11:32:12,694 (WARNING) - silk.profiling.profiler - Cannot execute silk_profile as silk is not installed correctly.
2024-02-26 11:32:23,148 (INFO) - django.utils.autoreload - /home/ocean/storefront/storefront/settings/dev.py changed, reloading.
2024-02-26 11:32:23,648 (INFO) - django.utils.autoreload - Watching for file changes with StatReloader
2024-02-26 11:32:23,806 (WARNING) - silk.profiling.profiler - Cannot execute silk_profile as silk is not installed correctly.
2024-02-26 11:32:27,154 (INFO) - django.utils.autoreload - /home/ocean/storefront/storefront/settings/dev.py changed, reloading.
2024-02-26 11:32:27,701 (INFO) - django.utils.autoreload - Watching for file changes with StatReloader
2024-02-26 11:32:35,436 (INFO) - django.utils.autoreload - Watching for file changes with StatReloader
2024-02-26 11:33:44,793 (WARNING) - django.request - Not Found: /favicon.ico
2024-02-26 12:10:29,015 (WARNING) - django.request - Not Found: /css/all.min.css
2024-02-26 12:10:29,043 (WARNING) - django.request - Not Found: /css/bootstrap.min.css
2024-02-26 12:10:29,048 (WARNING) - django.request - Not Found: /css/templatemo-style.css
2024-02-26 12:10:29,061 (WARNING) - django.request - Not Found: /js/parallax.min.js
2024-02-26 12:10:29,073 (WARNING) - django.request - Not Found: /js/jquery.min.js
2024-02-26 12:15:19,440 (WARNING) - django.request - Not Found: /js/parallax.min.js
2024-02-26 12:15:19,450 (WARNING) - django.request - Not Found: /js/jquery.min.js
2024-02-26 12:15:21,265 (WARNING) - django.request - Not Found: /js/jquery.min.js
2024-02-26 12:15:21,271 (WARNING) - django.request - Not Found: /js/parallax.min.js
2024-02-26 12:18:01,189 (WARNING) - django.request - Not Found: /js/parallax.min.js
2024-02-26 12:18:01,229 (WARNING) - django.request - Not Found: /js/jquery.min.js
2024-02-26 12:18:05,135 (WARNING) - django.request - Not Found: /js/jquery.min.js
2024-02-26 12:18:05,169 (WARNING) - django.request - Not Found: /js/parallax.min.js
2024-02-26 12:19:06,185 (WARNING) - django.request - Not Found: /core/js/jquery.min.js
2024-02-26 12:19:06,194 (WARNING) - django.request - Not Found: /core/js/parallax.min.js
2024-02-26 12:19:07,320 (WARNING) - django.request - Not Found: /core/js/parallax.min.js
2024-02-26 12:19:07,327 (WARNING) - django.request - Not Found: /core/js/jquery.min.js
2024-02-26 12:20:15,544 (WARNING) - django.request - Not Found: /core/js/parallax.min.js
2024-02-26 12:20:15,549 (WARNING) - django.request - Not Found: /{ % static 'core/js/jquery.min.js' %}
2024-02-26 12:20:16,634 (WARNING) - django.request - Not Found: /core/js/parallax.min.js
2024-02-26 12:20:16,643 (WARNING) - django.request - Not Found: /{ % static 'core/js/jquery.min.js' %}
2024-02-26 12:20:46,728 (WARNING) - django.request - Not Found: /core/js/parallax.min.js
2024-02-26 12:20:46,735 (WARNING) - django.request - Not Found: /{ % static 'core/js/jquery.min.js' %}
2024-02-26 12:20:50,852 (WARNING) - django.request - Not Found: /{ % static 'core/js/jquery.min.js' %}
2024-02-26 12:20:50,880 (WARNING) - django.request - Not Found: /core/js/parallax.min.js
2024-02-26 12:20:51,614 (WARNING) - django.request - Not Found: /core/js/parallax.min.js
2024-02-26 12:20:51,620 (WARNING) - django.request - Not Found: /{ % static 'core/js/jquery.min.js' %}
2024-02-26 12:20:52,161 (WARNING) - django.request - Not Found: /{ % static 'core/js/jquery.min.js' %}
2024-02-26 12:20:52,195 (WARNING) - django.request - Not Found: /core/js/parallax.min.js
2024-02-26 12:21:24,422 (WARNING) - django.request - Not Found: /{ % static 'core/js/jquery.min.js' % }
2024-02-26 12:21:24,429 (WARNING) - django.request - Not Found: /{ % static 'core/js/parallax.min.js' % }
2024-02-26 12:21:25,424 (WARNING) - django.request - Not Found: /{ % static 'core/js/jquery.min.js' % }
2024-02-26 12:21:25,432 (WARNING) - django.request - Not Found: /{ % static 'core/js/parallax.min.js' % }
2024-02-26 12:21:30,612 (WARNING) - django.request - Not Found: /{ % static 'core/js/parallax.min.js' % }
2024-02-26 12:21:30,621 (WARNING) - django.request - Not Found: /{ % static 'core/js/jquery.min.js' % }
2024-02-26 12:25:03,326 (WARNING) - django.request - Not Found: /{ % static 'core/js/parallax.min.js' % }
2024-02-26 12:25:03,335 (WARNING) - django.request - Not Found: /{ % static 'core/js/jquery.min.js' % }
2024-02-26 12:25:04,265 (WARNING) - django.request - Not Found: /{ % static 'core/js/parallax.min.js' % }
2024-02-26 12:25:04,274 (WARNING) - django.request - Not Found: /{ % static 'core/js/jquery.min.js' % }
2024-02-26 12:30:24,465 (WARNING) - django.request - Not Found: /favicon.ico
2024-02-26 12:34:01,465 (INFO) - django.utils.autoreload - Watching for file changes with StatReloader
2024-02-26 12:45:36,636 (WARNING) - django.request - Not Found: /index.html
2024-02-26 12:51:50,237 (WARNING) - django.request - Unauthorized: /store/orders/
